<?xml version="1.0" encoding="UTF-8"?>
<!-- Generated by org.testng.reporters.JUnitReportReporter -->
<testsuite hostname="Samuthra" failures="0" tests="1" name="priority.Fb_signin" time="2.653" errors="0" timestamp="2023-09-26T12:31:39 IST" skipped="0">
  <testcase classname="priority.Fb_signin" name="datas" time="2.653"/>
</testsuite> <!-- priority.Fb_signin -->
