<?xml version="1.0" encoding="UTF-8"?>
<!-- Generated by org.testng.reporters.JUnitReportReporter -->
<testsuite hostname="Samuthra" failures="0" tests="6" name="priority.Task_1" time="0.017" errors="0" timestamp="2023-09-21T13:16:35 IST" skipped="0">
  <testcase classname="priority.Task_1" name="search_page" time="0.001"/>
  <testcase classname="priority.Task_1" name="search_page" time="0.002"/>
  <testcase classname="priority.Task_1" name="search_page" time="0.010"/>
  <testcase classname="priority.Task_1" name="log_in" time="0.002"/>
  <testcase classname="priority.Task_1" name="payment_page" time="0.001"/>
  <testcase classname="priority.Task_1" name="add_tocart" time="0.001"/>
</testsuite> <!-- priority.Task_1 -->
