<?xml version="1.0" encoding="UTF-8"?>
<!-- Generated by org.testng.reporters.JUnitReportReporter -->
<testsuite hostname="Samuthra" failures="0" tests="1" name="project_1.Login" time="51.160" errors="0" timestamp="2024-02-15T18:16:44 IST" skipped="0">
  <testcase classname="project_1.Login" name="email_login" time="51.160"/>
</testsuite> <!-- project_1.Login -->
