<?xml version="1.0" encoding="UTF-8"?>
<!-- Generated by org.testng.reporters.JUnitReportReporter -->
<testsuite hostname="Samuthra" failures="0" tests="6" name="multiple_webdrivers.MultiplewebDrivers" time="26.924" errors="0" timestamp="2024-02-05T22:25:04 IST" skipped="0">
  <testcase classname="multiple_webdrivers.MultiplewebDrivers" name="insta" time="10.936"/>
  <testcase classname="multiple_webdrivers.MultiplewebDrivers" name="insta" time="5.147"/>
  <testcase classname="multiple_webdrivers.MultiplewebDrivers" name="insta" time="10.014"/>
  <testcase classname="multiple_webdrivers.MultiplewebDrivers" name="Login" time="0.336"/>
  <testcase classname="multiple_webdrivers.MultiplewebDrivers" name="Login" time="0.170"/>
  <testcase classname="multiple_webdrivers.MultiplewebDrivers" name="Login" time="0.321"/>
</testsuite> <!-- multiple_webdrivers.MultiplewebDrivers -->
