<?xml version="1.0" encoding="UTF-8"?>
<!-- Generated by org.testng.reporters.JUnitReportReporter -->
<testsuite hostname="Samuthra" failures="0" tests="10" name="priority.Data_provider" time="31.036" errors="0" timestamp="2023-09-22T13:09:48 IST" skipped="0">
  <testcase classname="priority.Data_provider" name="Sign_up" time="3.891"/>
  <testcase classname="priority.Data_provider" name="Sign_up" time="2.714"/>
  <testcase classname="priority.Data_provider" name="Sign_up" time="3.240"/>
  <testcase classname="priority.Data_provider" name="Sign_up" time="2.615"/>
  <testcase classname="priority.Data_provider" name="Sign_up" time="3.250"/>
  <testcase classname="priority.Data_provider" name="Sign_up" time="2.661"/>
  <testcase classname="priority.Data_provider" name="Sign_up" time="2.767"/>
  <testcase classname="priority.Data_provider" name="Sign_up" time="3.137"/>
  <testcase classname="priority.Data_provider" name="Sign_up" time="3.580"/>
  <testcase classname="priority.Data_provider" name="Sign_up" time="3.181"/>
</testsuite> <!-- priority.Data_provider -->
